<?xml version="1.0" encoding="utf-8"?><testsuite errors="0" failures="1" name="pytest" skips="0" tests="12" time="0.138"><testcase classname="test_submit.TestChalange2" file="test_submit.py" line="6" name="test_instance_class" time="0.0009229183197021484"></testcase><testcase classname="test_submit.TestChalange2" file="test_submit.py" line="10" name="test_protected_attribute_manager" time="0.0006906986236572266"></testcase><testcase classname="test_submit.TestChalange2" file="test_submit.py" line="15" name="test_protected_attribute" time="0.0006375312805175781"></testcase><testcase classname="test_submit.TestChalange2" file="test_submit.py" line="20" name="test_total_hours_seller" time="0.0006814002990722656"></testcase><testcase classname="test_submit.TestChalange2" file="test_submit.py" line="24" name="test_total_hours_manager" time="0.0005872249603271484"></testcase><testcase classname="test_submit.TestChalange2" file="test_submit.py" line="28" name="test_get_department_seller" time="0.0006229877471923828"></testcase><testcase classname="test_submit.TestChalange2" file="test_submit.py" line="32" name="test_get_department_manager" time="0.0007636547088623047"></testcase><testcase classname="test_submit.TestChalange2" file="test_submit.py" line="36" name="test_sales_seller" time="0.0004646778106689453"></testcase><testcase classname="test_submit.TestChalange2" file="test_submit.py" line="42" name="test_protected_attribute_sales" time="0.0004916191101074219"></testcase><testcase classname="test_submit.TestChalange2" file="test_submit.py" line="47" name="test_calc_bonus_seller" time="0.00044274330139160156"></testcase><testcase classname="test_submit.TestChalange2" file="test_submit.py" line="53" name="test_calc_bonus_manger" time="0.0015017986297607422"><failure message="assert [18.45, 141.45] == (123 * 0.15)
 +  where [18.45, 141.45] = &lt;bound method Manager.calc_bonus of &lt;main.Manager object at 0x7fae44056760&gt;&gt;()
 +    where &lt;bound method Manager.calc_bonus of &lt;main.Manager object at 0x7fae44056760&gt;&gt; = &lt;main.Manager object at 0x7fae44056760&gt;.calc_bonus">E   assert [18.45, 141.45] == (123 * 0.15)
     +  where [18.45, 141.45] = &lt;bound method Manager.calc_bonus of &lt;main.Manager object at 0x7fae44056760&gt;&gt;()
     +    where &lt;bound method Manager.calc_bonus of &lt;main.Manager object at 0x7fae44056760&gt;&gt; = &lt;main.Manager object at 0x7fae44056760&gt;.calc_bonus</failure></testcase><testcase classname="test_submit.TestChalange2" file="test_submit.py" line="57" name="test_get_sales_manger" time="0.0004711151123046875"></testcase></testsuite>